<?xml version="1.0" encoding="UTF-8"?>
<testsuite xmlns:xsi="http://www.w3.org/2001/XMLSchema-instance" xsi:noNamespaceSchemaLocation="https://maven.apache.org/surefire/maven-surefire-plugin/xsd/surefire-test-report-3.0.xsd" version="3.0" name="com.nelson.ruiz.ToDoListo.ToDoListoApplicationTests" time="22.531" tests="1" errors="0" skipped="0" failures="0">
  <properties>
[...]
</properties>
  <testcase name="contextLoads" classname="com.nelson.ruiz.ToDoListo.ToDoListoApplicationTests" time="1.166">
    <system-out><![CDATA[11:35:32.641 [main] INFO org.springframework.test.context.support.AnnotationConfigContextLoaderUtils -- Could not detect default configuration classes for test class [com.nelson.ruiz.ToDoListo.ToDoListoApplicationTests]: ToDoListoApplicationTests does not declare any static, non-private, non-final, nested classes annotated with @Configuration.
11:35:32.920 [main] INFO org.springframework.boot.test.context.SpringBootTestContextBootstrapper -- Found @SpringBootConfiguration com.nelson.ruiz.ToDoListo.ToDoListoApplication for test class com.nelson.ruiz.ToDoListo.ToDoListoApplicationTests
11:35:33.347 [main] INFO org.springframework.boot.devtools.restart.RestartApplicationListener -- Restart disabled due to context in which it is running
 ,---.               ,--.               ,-----.                 ,--.    ,---.         ,--.,------.                ,--.
'   .-' ,---. ,--.--.`--',--,--,  ,---. |  |) /_  ,---. ,---. ,-'  '-. /  O  \  ,---. `--'|  .--. ' ,---.  ,---.,-'  '-.
`.  `-.| .-. ||  .--',--.|      \| .-. ||  .-.  \| .-. | .-. |'-.  .-'|  .-.  || .-. |,--.|  '--'.'| .-. :(  .-''-.  .-'
.-'    | '-' '|  |   |  ||  ||  |' '-' '|  '--' /' '-' ' '-' '  |  |  |  | |  || '-' '|  ||  |\  \ \   --..-'  `) |  |
`-----'|  |-' `--'   `--'`--''--'.`-  / `------'  `---' `---'   `--'  `--' `--'|  |-' `--'`--' '--' `----'`----'  `--'
       `--'                      `---'                                         `--'
2024-09-20T11:35:34.001-05:00  INFO 10800 --- [ToDoListo] [           main] c.n.r.T.ToDoListoApplicationTests        : Starting ToDoListoApplicationTests using Java 17.0.10 with PID 10800 (started by Nelrum in C:\Users\Nelrum\Documents\reto\Todo Listo\ToDoListo)
2024-09-20T11:35:34.006-05:00  INFO 10800 --- [ToDoListo] [           main] c.n.r.T.ToDoListoApplicationTests        : No active profile set, falling back to 1 default profile: "default"
2024-09-20T11:35:35.784-05:00  INFO 10800 --- [ToDoListo] [           main] .s.d.r.c.RepositoryConfigurationDelegate : Bootstrapping Spring Data JPA repositories in DEFAULT mode.
2024-09-20T11:35:35.962-05:00  INFO 10800 --- [ToDoListo] [           main] .s.d.r.c.RepositoryConfigurationDelegate : Finished Spring Data repository scanning in 160 ms. Found 1 JPA repository interface.
2024-09-20T11:35:37.335-05:00  INFO 10800 --- [ToDoListo] [           main] o.hibernate.jpa.internal.util.LogHelper  : HHH000204: Processing PersistenceUnitInfo [name: default]
2024-09-20T11:35:37.502-05:00  INFO 10800 --- [ToDoListo] [           main] org.hibernate.Version                    : HHH000412: Hibernate ORM core version 6.5.2.Final
2024-09-20T11:35:37.586-05:00  INFO 10800 --- [ToDoListo] [           main] o.h.c.internal.RegionFactoryInitiator    : HHH000026: Second-level cache disabled
2024-09-20T11:35:38.505-05:00  INFO 10800 --- [ToDoListo] [           main] o.s.o.j.p.SpringPersistenceUnitInfo      : No LoadTimeWeaver setup: ignoring JPA class transformer
2024-09-20T11:35:38.595-05:00  INFO 10800 --- [ToDoListo] [           main] com.zaxxer.hikari.HikariDataSource       : HikariPool-1 - Starting...
2024-09-20T11:35:44.637-05:00  INFO 10800 --- [ToDoListo] [           main] com.zaxxer.hikari.pool.HikariPool        : HikariPool-1 - Added connection org.postgresql.jdbc.PgConnection@4f3fec43
2024-09-20T11:35:44.643-05:00  INFO 10800 --- [ToDoListo] [           main] com.zaxxer.hikari.HikariDataSource       : HikariPool-1 - Start completed.
2024-09-20T11:35:45.499-05:00  WARN 10800 --- [ToDoListo] [           main] org.hibernate.orm.deprecation            : HHH90000025: PostgreSQLDialect does not need to be specified explicitly using 'hibernate.dialect' (remove the property setting and it will be selected by default)
2024-09-20T11:35:49.237-05:00  INFO 10800 --- [ToDoListo] [           main] o.h.e.t.j.p.i.JtaPlatformInitiator       : HHH000489: No JTA platform available (set 'hibernate.transaction.jta.platform' to enable JTA platform integration)
2024-09-20T11:35:50.881-05:00  INFO 10800 --- [ToDoListo] [           main] j.LocalContainerEntityManagerFactoryBean : Initialized JPA EntityManagerFactory for persistence unit 'default'
2024-09-20T11:35:52.442-05:00  WARN 10800 --- [ToDoListo] [           main] JpaBaseConfiguration$JpaWebConfiguration : spring.jpa.open-in-view is enabled by default. Therefore, database queries may be performed during view rendering. Explicitly configure spring.jpa.open-in-view to disable this warning
2024-09-20T11:35:53.534-05:00  INFO 10800 --- [ToDoListo] [           main] c.n.r.T.ToDoListoApplicationTests        : Started ToDoListoApplicationTests in 20.221 seconds (process running for 22.726)
]]></system-out>
  </testcase>
</testsuite>